Namespace(batch_size=64, dataset_path='./npz', epochs=50, eval=False, exp_name='5', lr=0.001, model_path='', momentum=0.9, no_cuda=False, num_points=2048, seed=1234, test_batch_size=32, train=True, use_sgd=False, **{'embedd dims': 512})
==Epoch: 0, learning rate: 0.001000==
Namespace(batch_size=16, dataset_path='./npz', epochs=50, eval=False, exp_name='5', lr=0.001, model_path='', momentum=0.9, no_cuda=False, num_points=2048, seed=1234, test_batch_size=8, train=True, use_sgd=False, **{'embedd dims': 512})
==Epoch: 0, learning rate: 0.001000==
mean train ME loss: 1.271227
mean test loss: 0.793343	 ME 3d: 0.294527	 ACC 3d: 0.000059	 ACC2 3d: 0.000629
Best test loss till now: 0.793343
==Epoch: 1, learning rate: 0.001000==
mean train ME loss: 1.250478
mean test loss: 0.793750	 ME 3d: 0.324855	 ACC 3d: 0.000000	 ACC2 3d: 0.000002
==Epoch: 2, learning rate: 0.001000==
mean train ME loss: 1.249675
mean test loss: 0.791081	 ME 3d: 0.309901	 ACC 3d: 0.000000	 ACC2 3d: 0.000000
Best test loss till now: 0.791081
==Epoch: 3, learning rate: 0.001000==
mean train ME loss: 1.246919
mean test loss: 0.791852	 ME 3d: 0.323151	 ACC 3d: 0.000000	 ACC2 3d: 0.000000
==Epoch: 4, learning rate: 0.001000==
mean train ME loss: 1.243736
mean test loss: 6.402226	 ME 3d: 3.466537	 ACC 3d: 0.000000	 ACC2 3d: 0.000000
==Epoch: 5, learning rate: 0.001000==
Namespace(batch_size=16, dataset_path='./npz', epochs=50, eval=False, exp_name='5', lr=0.001, model_path='', momentum=0.9, no_cuda=False, num_points=2048, seed=1234, test_batch_size=8, train=True, use_sgd=False, **{'embedd dims': 512})
==Epoch: 0, learning rate: 0.001000==
mean train ME loss: 1.269583
mean test loss: 0.791342	 ME 3d: 0.264344	 ACC 3d: 0.000450	 ACC2 3d: 0.005860
Best test loss till now: 0.791342
==Epoch: 1, learning rate: 0.001000==
Namespace(batch_size=16, dataset_path='./npz', epochs=50, eval=False, exp_name='5', lr=0.001, model_path='', momentum=0.9, no_cuda=False, num_points=2048, seed=1234, test_batch_size=8, train=True, use_sgd=False, **{'embedd dims': 512})
==Epoch: 0, learning rate: 0.001000==
mean train ME loss: 1.274312
mean test loss: 0.793213	 ME 3d: 0.280767	 ACC 3d: 0.002308	 ACC2 3d: 0.017265
Best test loss till now: 0.793213
==Epoch: 1, learning rate: 0.001000==
mean train ME loss: 1.249228
